<?xml version="1.0" encoding="UTF-8"?>
<!-- Generated by org.testng.reporters.JUnitReportReporter -->
<testsuite hostname="DESKTOP-JJUFKF7" failures="0" tests="7" name="demo.testNG.org.Demo5" time="0.033" errors="0" timestamp="2021-02-03T18:05:20 IST" skipped="0">
  <testcase classname="demo.testNG.org.Demo5" name="tc5" time="0.003"/>
  <system-out>
Hey5...!  </system-out>
  <testcase classname="demo.testNG.org.Demo5" name="tc3" time="0.004"/>
  <system-out>
Hey3...!  </system-out>
  <testcase classname="demo.testNG.org.Demo5" name="tc6" time="0.002"/>
  <system-out>
Hey6...!  </system-out>
  <testcase classname="demo.testNG.org.Demo5" name="tc2" time="0.006"/>
  <system-out>
Hey2...!  </system-out>
  <testcase classname="demo.testNG.org.Demo5" name="tc7" time="0.003"/>
  <system-out>
Hey7...!  </system-out>
  <testcase classname="demo.testNG.org.Demo5" name="tc4" time="0.013"/>
  <system-out>
Hey4...!  </system-out>
  <testcase classname="demo.testNG.org.Demo5" name="tc1" time="0.002"/>
  <system-out>
Hey1...!  </system-out>
</testsuite> <!-- demo.testNG.org.Demo5 -->
