<?xml version="1.0" encoding="UTF-8"?>
<!-- Generated by org.testng.reporters.JUnitReportReporter -->
<testsuite hostname="DESKTOP-JJUFKF7" failures="0" tests="1" name="Parallel.Parallel_2" time="63.723" errors="0" timestamp="2021-02-05T16:22:57 IST" skipped="0">
  <testcase classname="Parallel.Parallel_2" name="TC1" time="63.723"/>
  <system-out/>
</testsuite> <!-- Parallel.Parallel_2 -->
