<?xml version="1.0" encoding="UTF-8"?>
<!-- Generated by org.testng.reporters.JUnitReportReporter -->
<testsuite hostname="DESKTOP-JJUFKF7" failures="0" tests="2" name="demo.testNG.org.Demo2" time="0.021" errors="0" timestamp="2021-02-03T16:14:34 IST" skipped="0">
  <testcase classname="demo.testNG.org.Demo2" name="tc2" time="0.010"/>
  <system-out/>
  <testcase classname="demo.testNG.org.Demo2" name="tc1" time="0.011"/>
  <system-out/>
</testsuite> <!-- demo.testNG.org.Demo2 -->
