<?xml version="1.0" encoding="UTF-8"?>
<!-- Generated by org.testng.reporters.JUnitReportReporter -->
<testsuite hostname="DESKTOP-JJUFKF7" failures="0" tests="3" name="demo.DataProvider.testNG.DemoDataProvider" time="0.011" errors="0" timestamp="2021-02-04T16:08:26 IST" skipped="0">
  <testcase classname="demo.DataProvider.testNG.DemoDataProvider" name="tc" time="0.001"/>
  <system-out>
UserC C  </system-out>
  <testcase classname="demo.DataProvider.testNG.DemoDataProvider" name="tc" time="0.002"/>
  <system-out>
UserB B  </system-out>
  <testcase classname="demo.DataProvider.testNG.DemoDataProvider" name="tc" time="0.008"/>
  <system-out>
UserA A  </system-out>
</testsuite> <!-- demo.DataProvider.testNG.DemoDataProvider -->
