<?xml version="1.0" encoding="UTF-8"?>
<!-- Generated by org.testng.reporters.JUnitReportReporter -->
<testsuite hostname="DESKTOP-JJUFKF7" failures="0" tests="6" name="demo.testNG.org.Demo4" time="0.030" errors="0" timestamp="2021-02-03T17:21:09 IST" skipped="1">
  <testcase classname="demo.testNG.org.Demo4" name="tc3" time="0.018"/>
  <system-out>
Hey3...!  </system-out>
  <testcase classname="demo.testNG.org.Demo4" name="tc2" time="0.003"/>
  <system-out>
Hey2...!  </system-out>
  <testcase classname="demo.testNG.org.Demo4" name="tc3_1" time="0.003"/>
  <system-out>
Hey3_1...!  </system-out>
  <testcase classname="demo.testNG.org.Demo4" name="tc1" time="0.002"/>
  <system-out>
Hey1...!  </system-out>
  <testcase classname="demo.testNG.org.Demo4" name="tc1" time="0.004"/>
  <system-out>
Hey1...!  </system-out>
  <testcase classname="demo.testNG.org.Demo4" name="tc4">
    <skipped/>
  </testcase> <!-- tc4 -->
  <system-out/>
</testsuite> <!-- demo.testNG.org.Demo4 -->
