<?xml version="1.0" encoding="UTF-8"?>
<!-- Generated by org.testng.reporters.JUnitReportReporter -->
<testsuite hostname="DESKTOP-JJUFKF7" failures="0" tests="5" name="demo.testNG.org.Demo3" time="0.035" errors="0" timestamp="2021-02-03T16:38:46 IST" skipped="0">
  <testcase classname="demo.testNG.org.Demo3" name="tc" time="0.001"/>
  <system-out>
Hey...!  </system-out>
  <testcase classname="demo.testNG.org.Demo3" name="tc" time="0.008"/>
  <system-out>
Hey...!  </system-out>
  <testcase classname="demo.testNG.org.Demo3" name="tc" time="0.006"/>
  <system-out>
Hey...!  </system-out>
  <testcase classname="demo.testNG.org.Demo3" name="tc" time="0.018"/>
  <system-out>
Hey...!  </system-out>
  <testcase classname="demo.testNG.org.Demo3" name="tc" time="0.002"/>
  <system-out>
Hey...!  </system-out>
</testsuite> <!-- demo.testNG.org.Demo3 -->
