<?xml version="1.0" encoding="UTF-8"?>
<!-- Generated by org.testng.reporters.JUnitReportReporter -->
<testsuite hostname="DESKTOP-JJUFKF7" failures="0" tests="2" name="demo.testNG.org.Demo1" time="247.822" errors="0" timestamp="2021-02-03T16:07:48 IST" skipped="0">
  <testcase classname="demo.testNG.org.Demo1" name="tc_2" time="150.051"/>
  <system-out/>
  <testcase classname="demo.testNG.org.Demo1" name="tc_1" time="97.771"/>
  <system-out/>
</testsuite> <!-- demo.testNG.org.Demo1 -->
