<?xml version="1.0" encoding="UTF-8"?>
<!-- Generated by org.testng.reporters.JUnitReportReporter -->
<testsuite hostname="DESKTOP-JJUFKF7" failures="0" tests="1" name="Parallel.Parrele_2" time="150.635" errors="0" timestamp="2021-02-05T16:07:22 IST" skipped="0">
  <testcase classname="Parallel.Parrele_2" name="TC1" time="150.635"/>
  <system-out/>
</testsuite> <!-- Parallel.Parrele_2 -->
