<?xml version="1.0" encoding="UTF-8"?>
<!-- Generated by org.testng.reporters.JUnitReportReporter -->
<testsuite hostname="DESKTOP-JJUFKF7" failures="0" tests="2" name="Parallel.Parallel_1" time="121.534" errors="0" timestamp="2021-02-05T16:22:57 IST" skipped="0">
  <testcase classname="Parallel.Parallel_1" name="TC2" time="63.788"/>
  <system-out/>
  <testcase classname="Parallel.Parallel_1" name="TC1" time="57.746"/>
  <system-out/>
</testsuite> <!-- Parallel.Parallel_1 -->
