<?xml version="1.0" encoding="UTF-8"?>
<!-- Generated by org.testng.reporters.JUnitReportReporter -->
<testsuite hostname="DESKTOP-JJUFKF7" failures="0" tests="2" name="Parallel.DemoCross" time="97.229" errors="0" timestamp="2021-02-05T16:53:01 IST" skipped="0">
  <testcase classname="Parallel.DemoCross" name="TC1" time="58.556"/>
  <system-out/>
  <testcase classname="Parallel.DemoCross" name="TC1" time="38.673"/>
  <system-out/>
</testsuite> <!-- Parallel.DemoCross -->
