<?xml version="1.0" encoding="UTF-8"?>
<!-- Generated by org.testng.reporters.JUnitReportReporter -->
<testsuite hostname="DESKTOP-JJUFKF7" failures="0" tests="4" name="demo.DataProvider.testNG.DemoReadData" time="0.021" errors="0" timestamp="2021-02-04T16:44:10 IST" skipped="0">
  <testcase classname="demo.DataProvider.testNG.DemoReadData" name="tc" time="0.002"/>
  <system-out>
sonu : kumar  </system-out>
  <testcase classname="demo.DataProvider.testNG.DemoReadData" name="tc" time="0.001"/>
  <system-out>
admin : manager  </system-out>
  <testcase classname="demo.DataProvider.testNG.DemoReadData" name="tc" time="0.013"/>
  <system-out>
manager : admin  </system-out>
  <testcase classname="demo.DataProvider.testNG.DemoReadData" name="tc" time="0.005"/>
  <system-out>
admin : admin  </system-out>
</testsuite> <!-- demo.DataProvider.testNG.DemoReadData -->
